[debug] [2026-07-17T10:29:30.821Z] ----------------------------------------------------------------------
[debug] [2026-07-17T10:29:30.823Z] Command:       /opt/homebrew/Cellar/node/26.3.0/bin/node /opt/homebrew/bin/firebase deploy --only hosting --project raipur-dairy-farmm
[debug] [2026-07-17T10:29:30.823Z] CLI Version:   15.15.0
[debug] [2026-07-17T10:29:30.823Z] Platform:      darwin
[debug] [2026-07-17T10:29:30.823Z] Node Version:  v26.3.0
[debug] [2026-07-17T10:29:30.823Z] Time:          Fri Jul 17 2026 15:59:30 GMT+0530 (India Standard Time)
[debug] [2026-07-17T10:29:30.823Z] ----------------------------------------------------------------------
[debug] 
[debug] [2026-07-17T10:29:31.637Z] > command requires scopes: ["email","openid","https://www.googleapis.com/auth/cloudplatformprojects.readonly","https://www.googleapis.com/auth/firebase","https://www.googleapis.com/auth/cloud-platform"]
[debug] [2026-07-17T10:29:31.637Z] > authorizing via signed-in user (vmazedaar@gmail.com)
[debug] [2026-07-17T10:29:31.638Z] [iam] checking project raipur-dairy-farmm for permissions ["firebase.projects.get","firebasehosting.sites.update"]
[debug] [2026-07-17T10:29:31.638Z] Checked if tokens are valid: true, expires at: 1784285133791
[debug] [2026-07-17T10:29:31.638Z] Checked if tokens are valid: true, expires at: 1784285133791
[debug] [2026-07-17T10:29:31.639Z] >>> [apiv2][query] POST https://cloudresourcemanager.googleapis.com/v1/projects/raipur-dairy-farmm:testIamPermissions [none]
[debug] [2026-07-17T10:29:31.639Z] >>> [apiv2][(partial)header] POST https://cloudresourcemanager.googleapis.com/v1/projects/raipur-dairy-farmm:testIamPermissions  x-goog-user-project=raipur-dairy-farmm
[debug] [2026-07-17T10:29:31.639Z] >>> [apiv2][body] POST https://cloudresourcemanager.googleapis.com/v1/projects/raipur-dairy-farmm:testIamPermissions {"permissions":["firebase.projects.get","firebasehosting.sites.update"]}
[debug] [2026-07-17T10:29:33.167Z] <<< [apiv2][status] POST https://cloudresourcemanager.googleapis.com/v1/projects/raipur-dairy-farmm:testIamPermissions 200
[debug] [2026-07-17T10:29:33.168Z] <<< [apiv2][body] POST https://cloudresourcemanager.googleapis.com/v1/projects/raipur-dairy-farmm:testIamPermissions {"permissions":["firebase.projects.get","firebasehosting.sites.update"]}
[debug] [2026-07-17T10:29:33.168Z] Checked if tokens are valid: true, expires at: 1784285133791
[debug] [2026-07-17T10:29:33.168Z] Checked if tokens are valid: true, expires at: 1784285133791
[debug] [2026-07-17T10:29:33.169Z] >>> [apiv2][query] GET https://firebase.googleapis.com/v1beta1/projects/raipur-dairy-farmm [none]
[debug] [2026-07-17T10:29:33.888Z] <<< [apiv2][status] GET https://firebase.googleapis.com/v1beta1/projects/raipur-dairy-farmm 200
[debug] [2026-07-17T10:29:33.888Z] <<< [apiv2][body] GET https://firebase.googleapis.com/v1beta1/projects/raipur-dairy-farmm {"projectId":"raipur-dairy-farmm","projectNumber":"863738451406","displayName":"Dairy Farm","name":"projects/raipur-dairy-farmm","resources":{"hostingSite":"raipur-dairy-farmm","realtimeDatabaseInstance":"raipur-dairy-farmm-default-rtdb"},"state":"ACTIVE","labels":{"firebase":"enabled","firebaseworkflows/environment":"production"},"etag":"1_c3573dee-a729-453c-9850-b1132d9c020f"}
[info] 
[info] === Deploying to 'raipur-dairy-farmm'...
[info] 
[info] i  deploying hosting 
[debug] [2026-07-17T10:29:33.893Z] Checked if tokens are valid: true, expires at: 1784285133791
[debug] [2026-07-17T10:29:33.893Z] Checked if tokens are valid: true, expires at: 1784285133791
[debug] [2026-07-17T10:29:33.893Z] >>> [apiv2][query] POST https://firebasehosting.googleapis.com/v1beta1/projects/-/sites/raipur-dairy-farmm/versions [none]
[debug] [2026-07-17T10:29:33.893Z] >>> [apiv2][body] POST https://firebasehosting.googleapis.com/v1beta1/projects/-/sites/raipur-dairy-farmm/versions {"status":"CREATED","labels":{"deployment-tool":"cli-firebase"}}
[debug] [2026-07-17T10:29:36.325Z] <<< [apiv2][status] POST https://firebasehosting.googleapis.com/v1beta1/projects/-/sites/raipur-dairy-farmm/versions 200
[debug] [2026-07-17T10:29:36.325Z] <<< [apiv2][body] POST https://firebasehosting.googleapis.com/v1beta1/projects/-/sites/raipur-dairy-farmm/versions {"name":"projects/863738451406/sites/raipur-dairy-farmm/versions/4d00b33f760c10d8","status":"CREATED","config":{},"labels":{"deployment-tool":"cli-firebase"}}
[info] i  hosting[raipur-dairy-farmm]: beginning deploy... 
[info] i  hosting[raipur-dairy-farmm]: found 11 files in frontend/dist 
[debug] [2026-07-17T10:29:36.338Z] [hosting] uploading with 200 concurrency
[debug] [2026-07-17T10:29:36.391Z] Checked if tokens are valid: true, expires at: 1784285133791
[debug] [2026-07-17T10:29:36.391Z] Checked if tokens are valid: true, expires at: 1784285133791
[debug] [2026-07-17T10:29:36.394Z] [hosting] hash cache [ZnJvbnRlbmQvZGlzdA] stored for 11 files
[debug] [2026-07-17T10:29:36.394Z] [hosting][hash queue][FINAL] {"max":50,"min":0,"avg":16.272727272727273,"active":0,"complete":11,"success":11,"errored":0,"retried":0,"total":11,"elapsed":55}
[debug] [2026-07-17T10:29:36.394Z] >>> [apiv2][query] POST https://firebasehosting.googleapis.com/v1beta1/projects/863738451406/sites/raipur-dairy-farmm/versions/4d00b33f760c10d8:populateFiles [none]
[debug] [2026-07-17T10:29:36.394Z] >>> [apiv2][body] POST https://firebasehosting.googleapis.com/v1beta1/projects/863738451406/sites/raipur-dairy-farmm/versions/4d00b33f760c10d8:populateFiles {"files":{"/icon-512.png":"f1b651238a58fe290baec6c5e32f3bdb1943dd2bd582f02569231f7a757c7837","/icon-192.png":"f1b651238a58fe290baec6c5e32f3bdb1943dd2bd582f02569231f7a757c7837","/reset-redirect.html":"3be24fb23670b9cc9997be08ff87979f8fa787306e00c07bfcc0f120c9b63901","/index.html":"11c64ca36f94132b0247c3bacad6cede0de1eef6325ab0608e436e418d7bed17","/assets/index-Ba1ugokn.css":"d8acdc9670e111e00bb4d18701e5127ea259d7fde50cf34c390a5e0e91b69f6b","/assets/purify.es-CPrKKeqe.js":"fddb65982e22ec4e71540b577d456d123636a4f4c268333462a3f31be907f862","/assets/index.es-COOqrQx9.js":"2233c9eab4c6550de4dac7375a00fc4b55fbd0bb58b610d3f4ac28466b517290","/assets/raipur-banner-DAtmBKPB.png":"9268735117ba53cda169cb5edfb7eafa4acbf6362aae1c658890a7b5cef1e515","/assets/html2canvas.esm-CBrSDip1.js":"5956f62ee8ee4f14c31dc1116217a5131928f1e96c0f3211b512f24068a500a5","/assets/logo-round-BCOoujeK.png":"fe31cdb6a33cd3b844f563661bcdcc8f1e219e06dbcfde471e027ef83a4a39a4","/assets/index-D--dC6WI.js":"d60482d7116ed3fb05d48f761c04dfdbfc51b4a34e165d87a1428ce7a430f73d"}}
[debug] [2026-07-17T10:29:37.054Z] <<< [apiv2][status] POST https://firebasehosting.googleapis.com/v1beta1/projects/863738451406/sites/raipur-dairy-farmm/versions/4d00b33f760c10d8:populateFiles 200
[debug] [2026-07-17T10:29:37.054Z] <<< [apiv2][body] POST https://firebasehosting.googleapis.com/v1beta1/projects/863738451406/sites/raipur-dairy-farmm/versions/4d00b33f760c10d8:populateFiles {"uploadRequiredHashes":["2233c9eab4c6550de4dac7375a00fc4b55fbd0bb58b610d3f4ac28466b517290","11c64ca36f94132b0247c3bacad6cede0de1eef6325ab0608e436e418d7bed17","d8acdc9670e111e00bb4d18701e5127ea259d7fde50cf34c390a5e0e91b69f6b","d60482d7116ed3fb05d48f761c04dfdbfc51b4a34e165d87a1428ce7a430f73d"],"uploadUrl":"https://upload-firebasehosting.googleapis.com/upload/sites/raipur-dairy-farmm/versions/4d00b33f760c10d8/files"}
[debug] [2026-07-17T10:29:37.055Z] Checked if tokens are valid: true, expires at: 1784285133791
[debug] [2026-07-17T10:29:37.055Z] Checked if tokens are valid: true, expires at: 1784285133791
[debug] [2026-07-17T10:29:37.055Z] Checked if tokens are valid: true, expires at: 1784285133791
[debug] [2026-07-17T10:29:37.055Z] Checked if tokens are valid: true, expires at: 1784285133791
[debug] [2026-07-17T10:29:37.056Z] Checked if tokens are valid: true, expires at: 1784285133791
[debug] [2026-07-17T10:29:37.056Z] Checked if tokens are valid: true, expires at: 1784285133791
[debug] [2026-07-17T10:29:37.056Z] Checked if tokens are valid: true, expires at: 1784285133791
[debug] [2026-07-17T10:29:37.056Z] Checked if tokens are valid: true, expires at: 1784285133791
[debug] [2026-07-17T10:29:37.057Z] >>> [apiv2][query] POST https://upload-firebasehosting.googleapis.com/upload/sites/raipur-dairy-farmm/versions/4d00b33f760c10d8/files/2233c9eab4c6550de4dac7375a00fc4b55fbd0bb58b610d3f4ac28466b517290 [none]
[debug] [2026-07-17T10:29:37.057Z] >>> [apiv2][body] POST https://upload-firebasehosting.googleapis.com/upload/sites/raipur-dairy-farmm/versions/4d00b33f760c10d8/files/2233c9eab4c6550de4dac7375a00fc4b55fbd0bb58b610d3f4ac28466b517290 [stream]
[debug] [2026-07-17T10:29:37.059Z] >>> [apiv2][query] POST https://upload-firebasehosting.googleapis.com/upload/sites/raipur-dairy-farmm/versions/4d00b33f760c10d8/files/11c64ca36f94132b0247c3bacad6cede0de1eef6325ab0608e436e418d7bed17 [none]
[debug] [2026-07-17T10:29:37.059Z] >>> [apiv2][body] POST https://upload-firebasehosting.googleapis.com/upload/sites/raipur-dairy-farmm/versions/4d00b33f760c10d8/files/11c64ca36f94132b0247c3bacad6cede0de1eef6325ab0608e436e418d7bed17 [stream]
[debug] [2026-07-17T10:29:37.060Z] >>> [apiv2][query] POST https://upload-firebasehosting.googleapis.com/upload/sites/raipur-dairy-farmm/versions/4d00b33f760c10d8/files/d8acdc9670e111e00bb4d18701e5127ea259d7fde50cf34c390a5e0e91b69f6b [none]
[debug] [2026-07-17T10:29:37.060Z] >>> [apiv2][body] POST https://upload-firebasehosting.googleapis.com/upload/sites/raipur-dairy-farmm/versions/4d00b33f760c10d8/files/d8acdc9670e111e00bb4d18701e5127ea259d7fde50cf34c390a5e0e91b69f6b [stream]
[debug] [2026-07-17T10:29:37.061Z] >>> [apiv2][query] POST https://upload-firebasehosting.googleapis.com/upload/sites/raipur-dairy-farmm/versions/4d00b33f760c10d8/files/d60482d7116ed3fb05d48f761c04dfdbfc51b4a34e165d87a1428ce7a430f73d [none]
[debug] [2026-07-17T10:29:37.061Z] >>> [apiv2][body] POST https://upload-firebasehosting.googleapis.com/upload/sites/raipur-dairy-farmm/versions/4d00b33f760c10d8/files/d60482d7116ed3fb05d48f761c04dfdbfc51b4a34e165d87a1428ce7a430f73d [stream]
[debug] [2026-07-17T10:29:37.061Z] [hosting][populate queue][FINAL] {"max":665,"min":665,"avg":665,"active":0,"complete":1,"success":1,"errored":0,"retried":0,"total":1,"elapsed":670}
[debug] [2026-07-17T10:29:37.062Z] [hosting] uploads queued: 4
[info] i  hosting: uploading new files [0/4] (0%) 
[debug] [2026-07-17T10:29:38.747Z] <<< [apiv2][status] POST https://upload-firebasehosting.googleapis.com/upload/sites/raipur-dairy-farmm/versions/4d00b33f760c10d8/files/d8acdc9670e111e00bb4d18701e5127ea259d7fde50cf34c390a5e0e91b69f6b 200
[debug] [2026-07-17T10:29:38.747Z] <<< [apiv2][body] POST https://upload-firebasehosting.googleapis.com/upload/sites/raipur-dairy-farmm/versions/4d00b33f760c10d8/files/d8acdc9670e111e00bb4d18701e5127ea259d7fde50cf34c390a5e0e91b69f6b [stream]
[debug] [2026-07-17T10:29:38.751Z] <<< [apiv2][status] POST https://upload-firebasehosting.googleapis.com/upload/sites/raipur-dairy-farmm/versions/4d00b33f760c10d8/files/11c64ca36f94132b0247c3bacad6cede0de1eef6325ab0608e436e418d7bed17 200
[debug] [2026-07-17T10:29:38.751Z] <<< [apiv2][body] POST https://upload-firebasehosting.googleapis.com/upload/sites/raipur-dairy-farmm/versions/4d00b33f760c10d8/files/11c64ca36f94132b0247c3bacad6cede0de1eef6325ab0608e436e418d7bed17 [stream]
[debug] [2026-07-17T10:29:38.754Z] <<< [apiv2][status] POST https://upload-firebasehosting.googleapis.com/upload/sites/raipur-dairy-farmm/versions/4d00b33f760c10d8/files/2233c9eab4c6550de4dac7375a00fc4b55fbd0bb58b610d3f4ac28466b517290 200
[debug] [2026-07-17T10:29:38.755Z] <<< [apiv2][body] POST https://upload-firebasehosting.googleapis.com/upload/sites/raipur-dairy-farmm/versions/4d00b33f760c10d8/files/2233c9eab4c6550de4dac7375a00fc4b55fbd0bb58b610d3f4ac28466b517290 [stream]
[debug] [2026-07-17T10:29:39.017Z] <<< [apiv2][status] POST https://upload-firebasehosting.googleapis.com/upload/sites/raipur-dairy-farmm/versions/4d00b33f760c10d8/files/d60482d7116ed3fb05d48f761c04dfdbfc51b4a34e165d87a1428ce7a430f73d 200
[debug] [2026-07-17T10:29:39.017Z] <<< [apiv2][body] POST https://upload-firebasehosting.googleapis.com/upload/sites/raipur-dairy-farmm/versions/4d00b33f760c10d8/files/d60482d7116ed3fb05d48f761c04dfdbfc51b4a34e165d87a1428ce7a430f73d [stream]
[debug] [2026-07-17T10:29:39.018Z] [hosting][upload queue][FINAL] {"max":1962,"min":1691,"avg":1762.5,"active":0,"complete":4,"success":4,"errored":0,"retried":0,"total":4,"elapsed":1964}
[info] i  hosting: upload complete 
[info] ✔  hosting[raipur-dairy-farmm]: file upload complete 
[debug] [2026-07-17T10:29:39.018Z] [hosting] deploy completed after 2689ms
[debug] [2026-07-17T10:29:39.019Z] [
  {
    "config": {
      "public": "frontend/dist",
      "ignore": [
        "firebase.json",
        "**/.*",
        "**/node_modules/**"
      ],
      "rewrites": [
        {
          "source": "/__/auth/action",
          "destination": "/reset-redirect.html"
        },
        {
          "source": "**",
          "destination": "/index.html"
        }
      ],
      "site": "raipur-dairy-farmm"
    },
    "version": "projects/863738451406/sites/raipur-dairy-farmm/versions/4d00b33f760c10d8"
  }
]
[info] i  hosting[raipur-dairy-farmm]: finalizing version... 
[debug] [2026-07-17T10:29:39.023Z] Checked if tokens are valid: true, expires at: 1784285133791
[debug] [2026-07-17T10:29:39.023Z] Checked if tokens are valid: true, expires at: 1784285133791
[debug] [2026-07-17T10:29:39.024Z] >>> [apiv2][query] PATCH https://firebasehosting.googleapis.com/v1beta1/projects/-/sites/raipur-dairy-farmm/versions/4d00b33f760c10d8 updateMask=status%2Cconfig
[debug] [2026-07-17T10:29:39.025Z] >>> [apiv2][body] PATCH https://firebasehosting.googleapis.com/v1beta1/projects/-/sites/raipur-dairy-farmm/versions/4d00b33f760c10d8 {"status":"FINALIZED","config":{"rewrites":[{"glob":"/__/auth/action","path":"/reset-redirect.html"},{"glob":"**","path":"/index.html"}]}}
[debug] [2026-07-17T10:29:39.917Z] <<< [apiv2][status] PATCH https://firebasehosting.googleapis.com/v1beta1/projects/-/sites/raipur-dairy-farmm/versions/4d00b33f760c10d8 200
[debug] [2026-07-17T10:29:39.918Z] <<< [apiv2][body] PATCH https://firebasehosting.googleapis.com/v1beta1/projects/-/sites/raipur-dairy-farmm/versions/4d00b33f760c10d8 {"name":"projects/863738451406/sites/raipur-dairy-farmm/versions/4d00b33f760c10d8","status":"FINALIZED","config":{"rewrites":[{"glob":"/__/auth/action","path":"/reset-redirect.html"},{"glob":"**","path":"/index.html"}]},"labels":{"deployment-tool":"cli-firebase"},"createTime":"2026-07-17T10:29:35.437961Z","createUser":{"email":"vmazedaar@gmail.com"},"finalizeTime":"2026-07-17T10:29:39.666946Z","finalizeUser":{"email":"vmazedaar@gmail.com"}}
[debug] [2026-07-17T10:29:39.918Z] [hosting] finalized version for raipur-dairy-farmm:[object Object]
[info] ✔  hosting[raipur-dairy-farmm]: version finalized 
[info] i  hosting[raipur-dairy-farmm]: releasing new version... 
[debug] [2026-07-17T10:29:39.918Z] Checked if tokens are valid: true, expires at: 1784285133791
[debug] [2026-07-17T10:29:39.919Z] Checked if tokens are valid: true, expires at: 1784285133791
[debug] [2026-07-17T10:29:39.919Z] >>> [apiv2][query] POST https://firebasehosting.googleapis.com/v1beta1/projects/-/sites/raipur-dairy-farmm/channels/live/releases versionName=projects%2F863738451406%2Fsites%2Fraipur-dairy-farmm%2Fversions%2F4d00b33f760c10d8
[debug] [2026-07-17T10:29:39.919Z] >>> [apiv2][body] POST https://firebasehosting.googleapis.com/v1beta1/projects/-/sites/raipur-dairy-farmm/channels/live/releases {}
[debug] [2026-07-17T10:29:41.077Z] <<< [apiv2][status] POST https://firebasehosting.googleapis.com/v1beta1/projects/-/sites/raipur-dairy-farmm/channels/live/releases 200
[debug] [2026-07-17T10:29:41.077Z] <<< [apiv2][body] POST https://firebasehosting.googleapis.com/v1beta1/projects/-/sites/raipur-dairy-farmm/channels/live/releases {"name":"projects/863738451406/sites/raipur-dairy-farmm/channels/live/releases/1784284180199000","version":{"name":"projects/863738451406/sites/raipur-dairy-farmm/versions/4d00b33f760c10d8","status":"FINALIZED","config":{"rewrites":[{"glob":"/__/auth/action","path":"/reset-redirect.html"},{"glob":"**","path":"/index.html"}]},"labels":{"deployment-tool":"cli-firebase"},"createTime":"2026-07-17T10:29:35.437961Z","createUser":{"email":"vmazedaar@gmail.com","imageUrl":"https://lh3.googleusercontent.com/a/ACg8ocIyV_r53YKWVgwtQZUhaNxJRM0h9DTb80MAuGi5Xkq0rg-QkA=mo"},"finalizeTime":"2026-07-17T10:29:39.666946Z","finalizeUser":{"email":"vmazedaar@gmail.com","imageUrl":"https://lh3.googleusercontent.com/a/ACg8ocIyV_r53YKWVgwtQZUhaNxJRM0h9DTb80MAuGi5Xkq0rg-QkA=mo"}},"type":"DEPLOY","releaseTime":"2026-07-17T10:29:40.199Z","releaseUser":{"email":"vmazedaar@gmail.com","imageUrl":"https://lh3.googleusercontent.com/a/ACg8ocIyV_r53YKWVgwtQZUhaNxJRM0h9DTb80MAuGi5Xkq0rg-QkA=mo"}}
[debug] [2026-07-17T10:29:41.077Z] [hosting] release: {"name":"projects/863738451406/sites/raipur-dairy-farmm/channels/live/releases/1784284180199000","version":{"name":"projects/863738451406/sites/raipur-dairy-farmm/versions/4d00b33f760c10d8","status":"FINALIZED","config":{"rewrites":[{"glob":"/__/auth/action","path":"/reset-redirect.html"},{"glob":"**","path":"/index.html"}]},"labels":{"deployment-tool":"cli-firebase"},"createTime":"2026-07-17T10:29:35.437961Z","createUser":{"email":"vmazedaar@gmail.com","imageUrl":"https://lh3.googleusercontent.com/a/ACg8ocIyV_r53YKWVgwtQZUhaNxJRM0h9DTb80MAuGi5Xkq0rg-QkA=mo"},"finalizeTime":"2026-07-17T10:29:39.666946Z","finalizeUser":{"email":"vmazedaar@gmail.com","imageUrl":"https://lh3.googleusercontent.com/a/ACg8ocIyV_r53YKWVgwtQZUhaNxJRM0h9DTb80MAuGi5Xkq0rg-QkA=mo"}},"type":"DEPLOY","releaseTime":"2026-07-17T10:29:40.199Z","releaseUser":{"email":"vmazedaar@gmail.com","imageUrl":"https://lh3.googleusercontent.com/a/ACg8ocIyV_r53YKWVgwtQZUhaNxJRM0h9DTb80MAuGi5Xkq0rg-QkA=mo"}}
[info] ✔  hosting[raipur-dairy-farmm]: release complete 
[info] 
[info] ✔  Deploy complete! 
[info] 
[info] Project Console: https://console.firebase.google.com/project/raipur-dairy-farmm/overview
[info] Hosting URL: https://raipur-dairy-farmm.web.app
[debug] [2026-07-19T11:55:10.023Z] ----------------------------------------------------------------------
[debug] [2026-07-19T11:55:10.024Z] Command:       /opt/homebrew/Cellar/node/26.3.0/bin/node /Users/shubham/.npm-global/bin/firebase deploy --only functions:forgotPassword
[debug] [2026-07-19T11:55:10.024Z] CLI Version:   14.7.0
[debug] [2026-07-19T11:55:10.024Z] Platform:      darwin
[debug] [2026-07-19T11:55:10.024Z] Node Version:  v26.3.0
[debug] [2026-07-19T11:55:10.025Z] Time:          Sun Jul 19 2026 17:25:10 GMT+0530 (India Standard Time)
[debug] [2026-07-19T11:55:10.025Z] ----------------------------------------------------------------------
[debug] 
[debug] [2026-07-19T11:55:10.025Z] >>> [apiv2][query] GET https://firebase-public.firebaseio.com/cli.json [none]
[debug] [2026-07-19T11:55:10.133Z] > command requires scopes: ["email","openid","https://www.googleapis.com/auth/cloudplatformprojects.readonly","https://www.googleapis.com/auth/firebase","https://www.googleapis.com/auth/cloud-platform"]
[debug] [2026-07-19T11:55:10.133Z] > authorizing via signed-in user (vmazedaar@gmail.com)
[debug] [2026-07-19T11:55:10.133Z] [iam] checking project raipur-dairy-farmm for permissions ["cloudfunctions.functions.create","cloudfunctions.functions.delete","cloudfunctions.functions.get","cloudfunctions.functions.list","cloudfunctions.functions.update","cloudfunctions.operations.get","firebase.projects.get"]
[debug] [2026-07-19T11:55:10.133Z] Checked if tokens are valid: false, expires at: 1784285133791
[debug] [2026-07-19T11:55:10.133Z] Checked if tokens are valid: false, expires at: 1784285133791
[debug] [2026-07-19T11:55:10.133Z] > refreshing access token with scopes: []
[debug] [2026-07-19T11:55:10.134Z] >>> [apiv2][query] POST https://www.googleapis.com/oauth2/v3/token [none]
[debug] [2026-07-19T11:55:10.134Z] >>> [apiv2][body] POST https://www.googleapis.com/oauth2/v3/token [omitted]
[debug] [2026-07-19T11:55:10.371Z] <<< [apiv2][status] POST https://www.googleapis.com/oauth2/v3/token 200
[debug] [2026-07-19T11:55:10.372Z] <<< [apiv2][body] POST https://www.googleapis.com/oauth2/v3/token [omitted]
[debug] [2026-07-19T11:55:10.382Z] >>> [apiv2][query] POST https://cloudresourcemanager.googleapis.com/v1/projects/raipur-dairy-farmm:testIamPermissions [none]
[debug] [2026-07-19T11:55:10.382Z] >>> [apiv2][(partial)header] POST https://cloudresourcemanager.googleapis.com/v1/projects/raipur-dairy-farmm:testIamPermissions x-goog-quota-user=projects/raipur-dairy-farmm
[debug] [2026-07-19T11:55:10.382Z] >>> [apiv2][body] POST https://cloudresourcemanager.googleapis.com/v1/projects/raipur-dairy-farmm:testIamPermissions {"permissions":["cloudfunctions.functions.create","cloudfunctions.functions.delete","cloudfunctions.functions.get","cloudfunctions.functions.list","cloudfunctions.functions.update","cloudfunctions.operations.get","firebase.projects.get"]}
[debug] [2026-07-19T11:55:10.928Z] <<< [apiv2][status] GET https://firebase-public.firebaseio.com/cli.json 200
[debug] [2026-07-19T11:55:10.928Z] <<< [apiv2][body] GET https://firebase-public.firebaseio.com/cli.json {"cloudBuildErrorAfter":1594252800000,"cloudBuildWarnAfter":1590019200000,"defaultNode10After":1594252800000,"minVersion":"3.0.5","node8DeploysDisabledAfter":1613390400000,"node8RuntimeDisabledAfter":1615809600000,"node8WarnAfter":1600128000000}
[debug] [2026-07-19T11:55:11.960Z] <<< [apiv2][status] POST https://cloudresourcemanager.googleapis.com/v1/projects/raipur-dairy-farmm:testIamPermissions 200
[debug] [2026-07-19T11:55:11.960Z] <<< [apiv2][body] POST https://cloudresourcemanager.googleapis.com/v1/projects/raipur-dairy-farmm:testIamPermissions {"permissions":["cloudfunctions.functions.create","cloudfunctions.functions.delete","cloudfunctions.functions.get","cloudfunctions.functions.list","cloudfunctions.functions.update","cloudfunctions.operations.get","firebase.projects.get"]}
[debug] [2026-07-19T11:55:11.961Z] Checked if tokens are valid: true, expires at: 1784465709372
[debug] [2026-07-19T11:55:11.961Z] Checked if tokens are valid: true, expires at: 1784465709372
[debug] [2026-07-19T11:55:11.961Z] >>> [apiv2][query] POST https://iam.googleapis.com/v1/projects/raipur-dairy-farmm/serviceAccounts/raipur-dairy-farmm@appspot.gserviceaccount.com:testIamPermissions [none]
[debug] [2026-07-19T11:55:11.961Z] >>> [apiv2][body] POST https://iam.googleapis.com/v1/projects/raipur-dairy-farmm/serviceAccounts/raipur-dairy-farmm@appspot.gserviceaccount.com:testIamPermissions {"permissions":["iam.serviceAccounts.actAs"]}
[debug] [2026-07-19T11:55:13.860Z] <<< [apiv2][status] POST https://iam.googleapis.com/v1/projects/raipur-dairy-farmm/serviceAccounts/raipur-dairy-farmm@appspot.gserviceaccount.com:testIamPermissions 200
[debug] [2026-07-19T11:55:13.860Z] <<< [apiv2][body] POST https://iam.googleapis.com/v1/projects/raipur-dairy-farmm/serviceAccounts/raipur-dairy-farmm@appspot.gserviceaccount.com:testIamPermissions {"permissions":["iam.serviceAccounts.actAs"]}
[info] 
[info] === Deploying to 'raipur-dairy-farmm'...
[info] 
[info] i  deploying functions 
[debug] [2026-07-19T11:55:13.864Z] Checked if tokens are valid: true, expires at: 1784465709372
[debug] [2026-07-19T11:55:13.864Z] Checked if tokens are valid: true, expires at: 1784465709372
[debug] [2026-07-19T11:55:13.864Z] >>> [apiv2][query] GET https://serviceusage.googleapis.com/v1/projects/raipur-dairy-farmm/services/cloudresourcemanager.googleapis.com [none]
[debug] [2026-07-19T11:55:13.865Z] >>> [apiv2][(partial)header] GET https://serviceusage.googleapis.com/v1/projects/raipur-dairy-farmm/services/cloudresourcemanager.googleapis.com x-goog-quota-user=projects/raipur-dairy-farmm
[debug] [2026-07-19T11:55:15.826Z] <<< [apiv2][status] GET https://serviceusage.googleapis.com/v1/projects/raipur-dairy-farmm/services/cloudresourcemanager.googleapis.com 200
[debug] [2026-07-19T11:55:15.826Z] <<< [apiv2][body] GET https://serviceusage.googleapis.com/v1/projects/raipur-dairy-farmm/services/cloudresourcemanager.googleapis.com [omitted]
[debug] [2026-07-19T11:55:15.826Z] Checked if tokens are valid: true, expires at: 1784465709372
[debug] [2026-07-19T11:55:15.826Z] Checked if tokens are valid: true, expires at: 1784465709372
[debug] [2026-07-19T11:55:15.826Z] >>> [apiv2][query] GET https://cloudresourcemanager.googleapis.com/v1/projects/raipur-dairy-farmm [none]
[debug] [2026-07-19T11:55:16.184Z] <<< [apiv2][status] GET https://cloudresourcemanager.googleapis.com/v1/projects/raipur-dairy-farmm 200
[debug] [2026-07-19T11:55:16.185Z] <<< [apiv2][body] GET https://cloudresourcemanager.googleapis.com/v1/projects/raipur-dairy-farmm {"projectNumber":"863738451406","projectId":"raipur-dairy-farmm","lifecycleState":"ACTIVE","name":"Dairy Farm","labels":{"firebase":"enabled","firebase-core":"disabled"},"createTime":"2026-04-27T07:36:16.145Z"}
[info] i  functions: preparing codebase default for deployment 
[info] i  functions: ensuring required API cloudfunctions.googleapis.com is enabled... 
[debug] [2026-07-19T11:55:16.187Z] Checked if tokens are valid: true, expires at: 1784465709372
[debug] [2026-07-19T11:55:16.188Z] Checked if tokens are valid: true, expires at: 1784465709372
[debug] [2026-07-19T11:55:16.188Z] Checked if tokens are valid: true, expires at: 1784465709372
[debug] [2026-07-19T11:55:16.188Z] Checked if tokens are valid: true, expires at: 1784465709372
[info] i  functions: ensuring required API cloudbuild.googleapis.com is enabled... 
[debug] [2026-07-19T11:55:16.189Z] Checked if tokens are valid: true, expires at: 1784465709372
[debug] [2026-07-19T11:55:16.189Z] Checked if tokens are valid: true, expires at: 1784465709372
[info] i  artifactregistry: ensuring required API artifactregistry.googleapis.com is enabled... 
[debug] [2026-07-19T11:55:16.189Z] Checked if tokens are valid: true, expires at: 1784465709372
[debug] [2026-07-19T11:55:16.189Z] Checked if tokens are valid: true, expires at: 1784465709372
[debug] [2026-07-19T11:55:16.189Z] >>> [apiv2][query] GET https://serviceusage.googleapis.com/v1/projects/raipur-dairy-farmm/services/cloudfunctions.googleapis.com [none]
[debug] [2026-07-19T11:55:16.189Z] >>> [apiv2][(partial)header] GET https://serviceusage.googleapis.com/v1/projects/raipur-dairy-farmm/services/cloudfunctions.googleapis.com x-goog-quota-user=projects/raipur-dairy-farmm
[debug] [2026-07-19T11:55:16.190Z] >>> [apiv2][query] GET https://serviceusage.googleapis.com/v1/projects/raipur-dairy-farmm/services/runtimeconfig.googleapis.com [none]
[debug] [2026-07-19T11:55:16.190Z] >>> [apiv2][(partial)header] GET https://serviceusage.googleapis.com/v1/projects/raipur-dairy-farmm/services/runtimeconfig.googleapis.com x-goog-quota-user=projects/raipur-dairy-farmm
[debug] [2026-07-19T11:55:16.192Z] >>> [apiv2][query] GET https://serviceusage.googleapis.com/v1/projects/raipur-dairy-farmm/services/cloudbuild.googleapis.com [none]
[debug] [2026-07-19T11:55:16.192Z] >>> [apiv2][(partial)header] GET https://serviceusage.googleapis.com/v1/projects/raipur-dairy-farmm/services/cloudbuild.googleapis.com x-goog-quota-user=projects/raipur-dairy-farmm
[debug] [2026-07-19T11:55:16.194Z] >>> [apiv2][query] GET https://serviceusage.googleapis.com/v1/projects/raipur-dairy-farmm/services/artifactregistry.googleapis.com [none]
[debug] [2026-07-19T11:55:16.195Z] >>> [apiv2][(partial)header] GET https://serviceusage.googleapis.com/v1/projects/raipur-dairy-farmm/services/artifactregistry.googleapis.com x-goog-quota-user=projects/raipur-dairy-farmm
[debug] [2026-07-19T11:55:17.995Z] <<< [apiv2][status] GET https://serviceusage.googleapis.com/v1/projects/raipur-dairy-farmm/services/runtimeconfig.googleapis.com 200
[debug] [2026-07-19T11:55:17.995Z] <<< [apiv2][body] GET https://serviceusage.googleapis.com/v1/projects/raipur-dairy-farmm/services/runtimeconfig.googleapis.com [omitted]
[debug] [2026-07-19T11:55:18.008Z] <<< [apiv2][status] GET https://serviceusage.googleapis.com/v1/projects/raipur-dairy-farmm/services/cloudbuild.googleapis.com 200
[debug] [2026-07-19T11:55:18.008Z] <<< [apiv2][body] GET https://serviceusage.googleapis.com/v1/projects/raipur-dairy-farmm/services/cloudbuild.googleapis.com [omitted]
[info] ✔  functions: required API cloudbuild.googleapis.com is enabled 
[debug] [2026-07-19T11:55:18.020Z] <<< [apiv2][status] GET https://serviceusage.googleapis.com/v1/projects/raipur-dairy-farmm/services/cloudfunctions.googleapis.com 200
[debug] [2026-07-19T11:55:18.020Z] <<< [apiv2][body] GET https://serviceusage.googleapis.com/v1/projects/raipur-dairy-farmm/services/cloudfunctions.googleapis.com [omitted]
[info] ✔  functions: required API cloudfunctions.googleapis.com is enabled 
[debug] [2026-07-19T11:55:18.026Z] <<< [apiv2][status] GET https://serviceusage.googleapis.com/v1/projects/raipur-dairy-farmm/services/artifactregistry.googleapis.com 200
[debug] [2026-07-19T11:55:18.026Z] <<< [apiv2][body] GET https://serviceusage.googleapis.com/v1/projects/raipur-dairy-farmm/services/artifactregistry.googleapis.com [omitted]
[info] ✔  artifactregistry: required API artifactregistry.googleapis.com is enabled 
[debug] [2026-07-19T11:55:18.026Z] Checked if tokens are valid: true, expires at: 1784465709372
[debug] [2026-07-19T11:55:18.026Z] Checked if tokens are valid: true, expires at: 1784465709372
[debug] [2026-07-19T11:55:18.027Z] >>> [apiv2][query] GET https://firebase.googleapis.com/v1beta1/projects/raipur-dairy-farmm/adminSdkConfig [none]
[debug] [2026-07-19T11:55:18.528Z] <<< [apiv2][status] GET https://firebase.googleapis.com/v1beta1/projects/raipur-dairy-farmm/adminSdkConfig 200
[debug] [2026-07-19T11:55:18.529Z] <<< [apiv2][body] GET https://firebase.googleapis.com/v1beta1/projects/raipur-dairy-farmm/adminSdkConfig {"projectId":"raipur-dairy-farmm","databaseURL":"https://raipur-dairy-farmm-default-rtdb.firebaseio.com","storageBucket":"raipur-dairy-farmm.firebasestorage.app"}
[debug] [2026-07-19T11:55:18.529Z] Checked if tokens are valid: true, expires at: 1784465709372
[debug] [2026-07-19T11:55:18.529Z] Checked if tokens are valid: true, expires at: 1784465709372
[debug] [2026-07-19T11:55:18.530Z] >>> [apiv2][query] GET https://runtimeconfig.googleapis.com/v1beta1/projects/raipur-dairy-farmm/configs [none]
[debug] [2026-07-19T11:55:19.145Z] <<< [apiv2][status] GET https://runtimeconfig.googleapis.com/v1beta1/projects/raipur-dairy-farmm/configs 200
[debug] [2026-07-19T11:55:19.145Z] <<< [apiv2][body] GET https://runtimeconfig.googleapis.com/v1beta1/projects/raipur-dairy-farmm/configs {}
[debug] [2026-07-19T11:55:19.148Z] Validating nodejs source
[warn] ⚠  functions: package.json indicates an outdated version of firebase-functions. Please upgrade using npm install --save firebase-functions@latest in your functions directory. 
[warn] ⚠  functions: Please note that there will be breaking changes when you upgrade. 
[debug] [2026-07-19T11:55:19.795Z] > [functions] package.json contents: {
  "name": "dairy-farm-functions",
  "description": "Firebase Cloud Functions for Dairy Farm",
  "main": "index.js",
  "engines": {
    "node": "22"
  },
  "dependencies": {
    "@emailjs/nodejs": "^5.0.0",
    "firebase-admin": "^12.7.0",
    "firebase-functions": "^6.0.0"
  },
  "private": true
}
[debug] [2026-07-19T11:55:19.795Z] Building nodejs source
[info] i  functions: Loading and analyzing source code for codebase default to determine what to deploy 
[debug] [2026-07-19T11:55:19.796Z] Could not find functions.yaml. Must use http discovery
[debug] [2026-07-19T11:55:19.802Z] Found firebase-functions binary at '/Users/shubham/Dairy Farm/backend/functions/node_modules/.bin/firebase-functions'
[info] Serving at port 8264

[debug] [2026-07-19T11:55:20.085Z] Got response from /__/functions.yaml {"endpoints":{"forgotPassword":{"availableMemoryMb":null,"timeoutSeconds":null,"minInstances":null,"maxInstances":null,"ingressSettings":null,"concurrency":null,"serviceAccountEmail":null,"vpc":null,"platform":"gcfv2","labels":{},"httpsTrigger":{"invoker":["public"]},"entryPoint":"forgotPassword"}},"specVersion":"v1alpha1","requiredAPIs":[],"extensions":{}}
[info] i  extensions: ensuring required API firebaseextensions.googleapis.com is enabled... 
[debug] [2026-07-19T11:55:24.106Z] Checked if tokens are valid: true, expires at: 1784465709372
[debug] [2026-07-19T11:55:24.106Z] Checked if tokens are valid: true, expires at: 1784465709372
[debug] [2026-07-19T11:55:24.106Z] >>> [apiv2][query] GET https://serviceusage.googleapis.com/v1/projects/raipur-dairy-farmm/services/firebaseextensions.googleapis.com [none]
[debug] [2026-07-19T11:55:24.106Z] >>> [apiv2][(partial)header] GET https://serviceusage.googleapis.com/v1/projects/raipur-dairy-farmm/services/firebaseextensions.googleapis.com x-goog-quota-user=projects/raipur-dairy-farmm
[debug] [2026-07-19T11:55:26.083Z] <<< [apiv2][status] GET https://serviceusage.googleapis.com/v1/projects/raipur-dairy-farmm/services/firebaseextensions.googleapis.com 200
[debug] [2026-07-19T11:55:26.084Z] <<< [apiv2][body] GET https://serviceusage.googleapis.com/v1/projects/raipur-dairy-farmm/services/firebaseextensions.googleapis.com [omitted]
[info] ✔  extensions: required API firebaseextensions.googleapis.com is enabled 
[debug] [2026-07-19T11:55:26.084Z] > command requires scopes: ["email","openid","https://www.googleapis.com/auth/cloudplatformprojects.readonly","https://www.googleapis.com/auth/firebase","https://www.googleapis.com/auth/cloud-platform"]
[debug] [2026-07-19T11:55:26.084Z] > authorizing via signed-in user (vmazedaar@gmail.com)
[debug] [2026-07-19T11:55:26.084Z] [iam] checking project raipur-dairy-farmm for permissions ["firebase.projects.get","firebaseextensions.instances.list"]
[debug] [2026-07-19T11:55:26.085Z] Checked if tokens are valid: true, expires at: 1784465709372
[debug] [2026-07-19T11:55:26.085Z] Checked if tokens are valid: true, expires at: 1784465709372
[debug] [2026-07-19T11:55:26.085Z] >>> [apiv2][query] POST https://cloudresourcemanager.googleapis.com/v1/projects/raipur-dairy-farmm:testIamPermissions [none]
[debug] [2026-07-19T11:55:26.085Z] >>> [apiv2][(partial)header] POST https://cloudresourcemanager.googleapis.com/v1/projects/raipur-dairy-farmm:testIamPermissions x-goog-quota-user=projects/raipur-dairy-farmm
[debug] [2026-07-19T11:55:26.085Z] >>> [apiv2][body] POST https://cloudresourcemanager.googleapis.com/v1/projects/raipur-dairy-farmm:testIamPermissions {"permissions":["firebase.projects.get","firebaseextensions.instances.list"]}
[debug] [2026-07-19T11:55:27.564Z] <<< [apiv2][status] POST https://cloudresourcemanager.googleapis.com/v1/projects/raipur-dairy-farmm:testIamPermissions 200
[debug] [2026-07-19T11:55:27.565Z] <<< [apiv2][body] POST https://cloudresourcemanager.googleapis.com/v1/projects/raipur-dairy-farmm:testIamPermissions {"permissions":["firebase.projects.get","firebaseextensions.instances.list"]}
[debug] [2026-07-19T11:55:27.565Z] Checked if tokens are valid: true, expires at: 1784465709372
[debug] [2026-07-19T11:55:27.565Z] Checked if tokens are valid: true, expires at: 1784465709372
[debug] [2026-07-19T11:55:27.566Z] >>> [apiv2][query] GET https://firebaseextensions.googleapis.com/v1beta/projects/raipur-dairy-farmm/instances pageSize=100&pageToken=
[debug] [2026-07-19T11:55:29.623Z] <<< [apiv2][status] GET https://firebaseextensions.googleapis.com/v1beta/projects/raipur-dairy-farmm/instances 200
[debug] [2026-07-19T11:55:29.623Z] <<< [apiv2][body] GET https://firebaseextensions.googleapis.com/v1beta/projects/raipur-dairy-farmm/instances {}
[info] i  functions: preparing backend/functions directory for uploading... 
[info] i  functions: packaged /Users/shubham/Dairy Farm/backend/functions (31.22 KB) for uploading 
[debug] [2026-07-19T11:55:29.644Z] Checked if tokens are valid: true, expires at: 1784465709372
[debug] [2026-07-19T11:55:29.644Z] Checked if tokens are valid: true, expires at: 1784465709372
[debug] [2026-07-19T11:55:29.644Z] >>> [apiv2][query] GET https://cloudfunctions.googleapis.com/v1/projects/raipur-dairy-farmm/locations/-/functions [none]
[debug] [2026-07-19T11:55:30.599Z] <<< [apiv2][status] GET https://cloudfunctions.googleapis.com/v1/projects/raipur-dairy-farmm/locations/-/functions 200
[debug] [2026-07-19T11:55:30.599Z] <<< [apiv2][body] GET https://cloudfunctions.googleapis.com/v1/projects/raipur-dairy-farmm/locations/-/functions {}
[debug] [2026-07-19T11:55:30.600Z] Checked if tokens are valid: true, expires at: 1784465709372
[debug] [2026-07-19T11:55:30.600Z] Checked if tokens are valid: true, expires at: 1784465709372
[debug] [2026-07-19T11:55:30.600Z] >>> [apiv2][query] GET https://cloudfunctions.googleapis.com/v2/projects/raipur-dairy-farmm/locations/-/functions filter=environment%3D%22GEN_2%22
[debug] [2026-07-19T11:55:32.339Z] <<< [apiv2][status] GET https://cloudfunctions.googleapis.com/v2/projects/raipur-dairy-farmm/locations/-/functions 200
[debug] [2026-07-19T11:55:32.339Z] <<< [apiv2][body] GET https://cloudfunctions.googleapis.com/v2/projects/raipur-dairy-farmm/locations/-/functions {"functions":[{"name":"projects/raipur-dairy-farmm/locations/us-central1/functions/generatePasswordResetLink","buildConfig":{"build":"projects/863738451406/locations/us-central1/builds/fcc0b026-599f-4c93-90a5-793d23307dd9","runtime":"nodejs22","entryPoint":"generatePasswordResetLink","source":{"storageSource":{"bucket":"gcf-v2-sources-863738451406-us-central1","object":"generatePasswordResetLink/function-source.zip","generation":"1781722722830812"}},"environmentVariables":{"GOOGLE_NODE_RUN_SCRIPTS":""},"dockerRepository":"projects/raipur-dairy-farmm/locations/us-central1/repositories/gcf-artifacts","sourceProvenance":{"resolvedStorageSource":{"bucket":"gcf-v2-sources-863738451406-us-central1","object":"generatePasswordResetLink/function-source.zip","generation":"1781722722830812"}},"dockerRegistry":"ARTIFACT_REGISTRY","serviceAccount":"projects/raipur-dairy-farmm/serviceAccounts/863738451406-compute@developer.gserviceaccount.com","automaticUpdatePolicy":{}},"serviceConfig":{"service":"projects/raipur-dairy-farmm/locations/us-central1/services/generatepasswordresetlink","timeoutSeconds":60,"environmentVariables":{"FIREBASE_CONFIG":"{\"projectId\":\"raipur-dairy-farmm\",\"databaseURL\":\"https://raipur-dairy-farmm-default-rtdb.firebaseio.com\",\"storageBucket\":\"raipur-dairy-farmm.firebasestorage.app\"}","GCLOUD_PROJECT":"raipur-dairy-farmm","EVENTARC_CLOUD_EVENT_SOURCE":"projects/raipur-dairy-farmm/locations/us-central1/services/generatePasswordResetLink","FUNCTION_TARGET":"generatePasswordResetLink","LOG_EXECUTION_ID":"true"},"maxInstanceCount":20,"ingressSettings":"ALLOW_ALL","uri":"https://generatepasswordresetlink-tdio36xega-uc.a.run.app","serviceAccountEmail":"863738451406-compute@developer.gserviceaccount.com","availableMemory":"256Mi","allTrafficOnLatestRevision":true,"revision":"generatepasswordresetlink-00003-vet","maxInstanceRequestConcurrency":80,"availableCpu":"1"},"state":"ACTIVE","updateTime":"2026-06-23T21:56:16.339758922Z","labels":{"firebase-functions-hash":"44ed2ba4148fe548d46d72b578568ddf9e965c31","deployment-tool":"cli-firebase"},"environment":"GEN_2","url":"https://us-central1-raipur-dairy-farmm.cloudfunctions.net/generatePasswordResetLink","createTime":"2026-06-16T14:37:14.562547571Z"}]}
[info] i  functions: ensuring required API run.googleapis.com is enabled... 
[debug] [2026-07-19T11:55:32.342Z] Checked if tokens are valid: true, expires at: 1784465709372
[debug] [2026-07-19T11:55:32.342Z] Checked if tokens are valid: true, expires at: 1784465709372
[info] i  functions: ensuring required API eventarc.googleapis.com is enabled... 
[debug] [2026-07-19T11:55:32.343Z] Checked if tokens are valid: true, expires at: 1784465709372
[debug] [2026-07-19T11:55:32.343Z] Checked if tokens are valid: true, expires at: 1784465709372
[info] i  functions: ensuring required API pubsub.googleapis.com is enabled... 
[debug] [2026-07-19T11:55:32.343Z] Checked if tokens are valid: true, expires at: 1784465709372
[debug] [2026-07-19T11:55:32.343Z] Checked if tokens are valid: true, expires at: 1784465709372
[info] i  functions: ensuring required API storage.googleapis.com is enabled... 
[debug] [2026-07-19T11:55:32.343Z] Checked if tokens are valid: true, expires at: 1784465709372
[debug] [2026-07-19T11:55:32.343Z] Checked if tokens are valid: true, expires at: 1784465709372
[debug] [2026-07-19T11:55:32.343Z] >>> [apiv2][query] GET https://serviceusage.googleapis.com/v1/projects/863738451406/services/run.googleapis.com [none]
[debug] [2026-07-19T11:55:32.343Z] >>> [apiv2][(partial)header] GET https://serviceusage.googleapis.com/v1/projects/863738451406/services/run.googleapis.com x-goog-quota-user=projects/863738451406
[debug] [2026-07-19T11:55:32.344Z] >>> [apiv2][query] GET https://serviceusage.googleapis.com/v1/projects/863738451406/services/eventarc.googleapis.com [none]
[debug] [2026-07-19T11:55:32.345Z] >>> [apiv2][(partial)header] GET https://serviceusage.googleapis.com/v1/projects/863738451406/services/eventarc.googleapis.com x-goog-quota-user=projects/863738451406
[debug] [2026-07-19T11:55:32.346Z] >>> [apiv2][query] GET https://serviceusage.googleapis.com/v1/projects/863738451406/services/pubsub.googleapis.com [none]
[debug] [2026-07-19T11:55:32.346Z] >>> [apiv2][(partial)header] GET https://serviceusage.googleapis.com/v1/projects/863738451406/services/pubsub.googleapis.com x-goog-quota-user=projects/863738451406
[debug] [2026-07-19T11:55:32.347Z] >>> [apiv2][query] GET https://serviceusage.googleapis.com/v1/projects/863738451406/services/storage.googleapis.com [none]
[debug] [2026-07-19T11:55:32.347Z] >>> [apiv2][(partial)header] GET https://serviceusage.googleapis.com/v1/projects/863738451406/services/storage.googleapis.com x-goog-quota-user=projects/863738451406
[debug] [2026-07-19T11:55:34.180Z] <<< [apiv2][status] GET https://serviceusage.googleapis.com/v1/projects/863738451406/services/pubsub.googleapis.com 200
[debug] [2026-07-19T11:55:34.180Z] <<< [apiv2][body] GET https://serviceusage.googleapis.com/v1/projects/863738451406/services/pubsub.googleapis.com [omitted]
[info] ✔  functions: required API pubsub.googleapis.com is enabled 
[debug] [2026-07-19T11:55:34.191Z] <<< [apiv2][status] GET https://serviceusage.googleapis.com/v1/projects/863738451406/services/eventarc.googleapis.com 200
[debug] [2026-07-19T11:55:34.191Z] <<< [apiv2][body] GET https://serviceusage.googleapis.com/v1/projects/863738451406/services/eventarc.googleapis.com [omitted]
[info] ✔  functions: required API eventarc.googleapis.com is enabled 
[debug] [2026-07-19T11:55:34.246Z] <<< [apiv2][status] GET https://serviceusage.googleapis.com/v1/projects/863738451406/services/storage.googleapis.com 200
[debug] [2026-07-19T11:55:34.246Z] <<< [apiv2][body] GET https://serviceusage.googleapis.com/v1/projects/863738451406/services/storage.googleapis.com [omitted]
[info] ✔  functions: required API storage.googleapis.com is enabled 
[debug] [2026-07-19T11:55:34.330Z] <<< [apiv2][status] GET https://serviceusage.googleapis.com/v1/projects/863738451406/services/run.googleapis.com 200
[debug] [2026-07-19T11:55:34.330Z] <<< [apiv2][body] GET https://serviceusage.googleapis.com/v1/projects/863738451406/services/run.googleapis.com [omitted]
[info] ✔  functions: required API run.googleapis.com is enabled 
[info] i  functions: generating the service identity for pubsub.googleapis.com... 
[debug] [2026-07-19T11:55:34.331Z] Checked if tokens are valid: true, expires at: 1784465709372
[debug] [2026-07-19T11:55:34.331Z] Checked if tokens are valid: true, expires at: 1784465709372
[info] i  functions: generating the service identity for eventarc.googleapis.com... 
[debug] [2026-07-19T11:55:34.331Z] Checked if tokens are valid: true, expires at: 1784465709372
[debug] [2026-07-19T11:55:34.331Z] Checked if tokens are valid: true, expires at: 1784465709372
[debug] [2026-07-19T11:55:34.331Z] >>> [apiv2][query] POST https://serviceusage.googleapis.com/v1beta1/projects/863738451406/services/pubsub.googleapis.com:generateServiceIdentity [none]
[debug] [2026-07-19T11:55:34.331Z] >>> [apiv2][query] POST https://serviceusage.googleapis.com/v1beta1/projects/863738451406/services/eventarc.googleapis.com:generateServiceIdentity [none]
[debug] [2026-07-19T11:55:35.094Z] <<< [apiv2][status] POST https://serviceusage.googleapis.com/v1beta1/projects/863738451406/services/pubsub.googleapis.com:generateServiceIdentity 200
[debug] [2026-07-19T11:55:35.095Z] <<< [apiv2][body] POST https://serviceusage.googleapis.com/v1beta1/projects/863738451406/services/pubsub.googleapis.com:generateServiceIdentity {"name":"operations/finished.DONE_OPERATION","done":true,"response":{"@type":"type.googleapis.com/google.api.serviceusage.v1beta1.ServiceIdentity","email":"service-863738451406@gcp-sa-pubsub.iam.gserviceaccount.com","uniqueId":"112135322761922692245"}}
[debug] [2026-07-19T11:55:36.225Z] <<< [apiv2][status] POST https://serviceusage.googleapis.com/v1beta1/projects/863738451406/services/eventarc.googleapis.com:generateServiceIdentity 200
[debug] [2026-07-19T11:55:36.226Z] <<< [apiv2][body] POST https://serviceusage.googleapis.com/v1beta1/projects/863738451406/services/eventarc.googleapis.com:generateServiceIdentity {"name":"operations/finished.DONE_OPERATION","done":true,"response":{"@type":"type.googleapis.com/google.api.serviceusage.v1beta1.ServiceIdentity","email":"service-863738451406@gcp-sa-eventarc.iam.gserviceaccount.com","uniqueId":"115270344199613362056"}}
[debug] [2026-07-19T11:55:36.229Z] Checked if tokens are valid: true, expires at: 1784465709372
[debug] [2026-07-19T11:55:36.229Z] Checked if tokens are valid: true, expires at: 1784465709372
[debug] [2026-07-19T11:55:36.230Z] >>> [apiv2][query] GET https://serviceusage.googleapis.com/v1/projects/raipur-dairy-farmm/services/cloudresourcemanager.googleapis.com [none]
[debug] [2026-07-19T11:55:36.230Z] >>> [apiv2][(partial)header] GET https://serviceusage.googleapis.com/v1/projects/raipur-dairy-farmm/services/cloudresourcemanager.googleapis.com x-goog-quota-user=projects/raipur-dairy-farmm
[debug] [2026-07-19T11:55:36.682Z] <<< [apiv2][status] GET https://serviceusage.googleapis.com/v1/projects/raipur-dairy-farmm/services/cloudresourcemanager.googleapis.com 200
[debug] [2026-07-19T11:55:36.682Z] <<< [apiv2][body] GET https://serviceusage.googleapis.com/v1/projects/raipur-dairy-farmm/services/cloudresourcemanager.googleapis.com [omitted]
[debug] [2026-07-19T11:55:36.682Z] Checked if tokens are valid: true, expires at: 1784465709372
[debug] [2026-07-19T11:55:36.682Z] Checked if tokens are valid: true, expires at: 1784465709372
[debug] [2026-07-19T11:55:36.683Z] >>> [apiv2][query] GET https://cloudresourcemanager.googleapis.com/v1/projects/raipur-dairy-farmm [none]
[debug] [2026-07-19T11:55:38.219Z] <<< [apiv2][status] GET https://cloudresourcemanager.googleapis.com/v1/projects/raipur-dairy-farmm 200
[debug] [2026-07-19T11:55:38.220Z] <<< [apiv2][body] GET https://cloudresourcemanager.googleapis.com/v1/projects/raipur-dairy-farmm {"projectNumber":"863738451406","projectId":"raipur-dairy-farmm","lifecycleState":"ACTIVE","name":"Dairy Farm","labels":{"firebase":"enabled","firebase-core":"disabled"},"createTime":"2026-04-27T07:36:16.145Z"}
[debug] [2026-07-19T11:55:38.220Z] Checked if tokens are valid: true, expires at: 1784465709372
[debug] [2026-07-19T11:55:38.220Z] Checked if tokens are valid: true, expires at: 1784465709372
[debug] [2026-07-19T11:55:38.221Z] >>> [apiv2][query] GET https://compute.googleapis.com/compute/v1/projects/863738451406 [none]
[debug] [2026-07-19T11:55:38.818Z] <<< [apiv2][status] GET https://compute.googleapis.com/compute/v1/projects/863738451406 403
[debug] [2026-07-19T11:55:38.818Z] <<< [apiv2][body] GET https://compute.googleapis.com/compute/v1/projects/863738451406 {"error":{"code":403,"message":"Compute Engine API has not been used in project 863738451406 before or it is disabled. Enable it by visiting https://console.developers.google.com/apis/api/compute.googleapis.com/overview?project=863738451406 then retry. If you enabled this API recently, wait a few minutes for the action to propagate to our systems and retry.","errors":[{"message":"Compute Engine API has not been used in project 863738451406 before or it is disabled. Enable it by visiting https://console.developers.google.com/apis/api/compute.googleapis.com/overview?project=863738451406 then retry. If you enabled this API recently, wait a few minutes for the action to propagate to our systems and retry.","domain":"usageLimits","reason":"accessNotConfigured","extendedHelp":"https://console.developers.google.com"}],"status":"PERMISSION_DENIED","details":[{"@type":"type.googleapis.com/google.rpc.ErrorInfo","reason":"SERVICE_DISABLED","domain":"googleapis.com","metadata":{"serviceTitle":"Compute Engine API","activationUrl":"https://console.developers.google.com/apis/api/compute.googleapis.com/overview?project=863738451406","containerInfo":"863738451406","service":"compute.googleapis.com","consumer":"projects/863738451406"}},{"@type":"type.googleapis.com/google.rpc.LocalizedMessage","locale":"en-US","message":"Compute Engine API has not been used in project 863738451406 before or it is disabled. Enable it by visiting https://console.developers.google.com/apis/api/compute.googleapis.com/overview?project=863738451406 then retry. If you enabled this API recently, wait a few minutes for the action to propagate to our systems and retry."},{"@type":"type.googleapis.com/google.rpc.Help","links":[{"description":"Google developers console API activation","url":"https://console.developers.google.com/apis/api/compute.googleapis.com/overview?project=863738451406"}]}]}}
[debug] [2026-07-19T11:55:38.821Z] unable to look up default compute service account. Falling back to 863738451406-compute@developer.gserviceaccount.com. Error: {"name":"FirebaseError","children":[],"context":{"body":{"error":{"code":403,"message":"Compute Engine API has not been used in project 863738451406 before or it is disabled. Enable it by visiting https://console.developers.google.com/apis/api/compute.googleapis.com/overview?project=863738451406 then retry. If you enabled this API recently, wait a few minutes for the action to propagate to our systems and retry.","errors":[{"message":"Compute Engine API has not been used in project 863738451406 before or it is disabled. Enable it by visiting https://console.developers.google.com/apis/api/compute.googleapis.com/overview?project=863738451406 then retry. If you enabled this API recently, wait a few minutes for the action to propagate to our systems and retry.","domain":"usageLimits","reason":"accessNotConfigured","extendedHelp":"https://console.developers.google.com"}],"status":"PERMISSION_DENIED","details":[{"@type":"type.googleapis.com/google.rpc.ErrorInfo","reason":"SERVICE_DISABLED","domain":"googleapis.com","metadata":{"serviceTitle":"Compute Engine API","activationUrl":"https://console.developers.google.com/apis/api/compute.googleapis.com/overview?project=863738451406","containerInfo":"863738451406","service":"compute.googleapis.com","consumer":"projects/863738451406"}},{"@type":"type.googleapis.com/google.rpc.LocalizedMessage","locale":"en-US","message":"Compute Engine API has not been used in project 863738451406 before or it is disabled. Enable it by visiting https://console.developers.google.com/apis/api/compute.googleapis.com/overview?project=863738451406 then retry. If you enabled this API recently, wait a few minutes for the action to propagate to our systems and retry."},{"@type":"type.googleapis.com/google.rpc.Help","links":[{"description":"Google developers console API activation","url":"https://console.developers.google.com/apis/api/compute.googleapis.com/overview?project=863738451406"}]}]}},"response":{"statusCode":403}},"exit":1,"message":"Request to https://compute.googleapis.com/compute/v1/projects/863738451406 had HTTP Error: 403, Compute Engine API has not been used in project 863738451406 before or it is disabled. Enable it by visiting https://console.developers.google.com/apis/api/compute.googleapis.com/overview?project=863738451406 then retry. If you enabled this API recently, wait a few minutes for the action to propagate to our systems and retry.","status":403}
[debug] [2026-07-19T11:55:38.822Z] Checked if tokens are valid: true, expires at: 1784465709372
[debug] [2026-07-19T11:55:38.822Z] Checked if tokens are valid: true, expires at: 1784465709372
[debug] [2026-07-19T11:55:38.822Z] >>> [apiv2][query] GET https://cloudbilling.googleapis.com/v1/projects/raipur-dairy-farmm/billingInfo [none]
[debug] [2026-07-19T11:55:39.440Z] <<< [apiv2][status] GET https://cloudbilling.googleapis.com/v1/projects/raipur-dairy-farmm/billingInfo 200
[debug] [2026-07-19T11:55:39.440Z] <<< [apiv2][body] GET https://cloudbilling.googleapis.com/v1/projects/raipur-dairy-farmm/billingInfo {"name":"projects/raipur-dairy-farmm/billingInfo","projectId":"raipur-dairy-farmm","billingAccountName":"","billingEnabled":false}
[debug] [2026-07-19T11:55:39.440Z] Checked if tokens are valid: true, expires at: 1784465709372
[debug] [2026-07-19T11:55:39.440Z] Checked if tokens are valid: true, expires at: 1784465709372
[debug] [2026-07-19T11:55:39.441Z] >>> [apiv2][query] GET https://cloudbilling.googleapis.com/v1/billingAccounts [none]
[debug] [2026-07-19T11:55:40.930Z] <<< [apiv2][status] GET https://cloudbilling.googleapis.com/v1/billingAccounts 200
[debug] [2026-07-19T11:55:40.930Z] <<< [apiv2][body] GET https://cloudbilling.googleapis.com/v1/billingAccounts {"billingAccounts":[{"name":"billingAccounts/014213-3AEAF8-C7450A","open":false,"displayName":"My Billing Account","masterBillingAccount":"","parent":"","currencyCode":"INR"},{"name":"billingAccounts/01609B-A20B36-8CE3F6","open":false,"displayName":"Billling","masterBillingAccount":"","parent":"","currencyCode":"INR"},{"name":"billingAccounts/019CC8-149EF4-22FE4F","open":false,"displayName":"My Maps Billing Account","masterBillingAccount":"","parent":"","currencyCode":"INR"},{"name":"billingAccounts/01A35E-7797D9-697F4B","open":false,"displayName":"Firebase Payment","masterBillingAccount":"","parent":"","currencyCode":"INR"}],"nextPageToken":""}
[info] 
[info] Extension require your project to be upgraded to the Blaze plan. Please visit the following link to add a billing account:
[info] 
[info] https://console.cloud.google.com/billing/linkedaccount?project=raipur-dairy-farmm
[info] 
